2017-09-18 15:51:53,802 INFO clf saved to models/2017-09-18 15:51/clf.pkl
2017-09-18 15:51:55,394 INFO 
             precision    recall  f1-score   support

        dga       0.89      0.92      0.90     21355
      legit       0.91      0.88      0.89     20227

avg / total       0.90      0.90      0.90     41582

2017-09-18 15:53:42,021 INFO fit_time: 22.95s (0.31)s
2017-09-18 15:53:42,022 INFO score_time: 4.28s (0.04)s
2017-09-18 15:53:42,022 INFO test_accuracy: 89.43% (0.08%)
2017-09-18 15:53:42,023 INFO test_f1: 88.96% (0.08%)
2017-09-18 15:53:42,023 INFO test_precision: 90.94% (0.22%)
2017-09-18 15:53:42,023 INFO test_recall: 87.07% (0.22%)
2017-09-18 15:53:42,023 INFO test_roc_auc: 96.77% (0.02%)
2017-09-18 15:53:42,023 INFO train_accuracy: 90.06% (0.05%)
2017-09-18 15:53:42,023 INFO train_f1: 89.63% (0.06%)
2017-09-18 15:53:42,024 INFO train_precision: 91.54% (0.08%)
2017-09-18 15:53:42,024 INFO train_recall: 87.79% (0.14%)
2017-09-18 15:53:42,024 INFO train_roc_auc: 97.34% (0.01%)
2017-09-18 15:53:42,024 INFO Exiting...
2017-09-18 16:24:52,374 INFO fit_time: 22.95s (0.31)s
2017-09-18 16:24:52,375 INFO score_time: 4.28s (0.04)s
2017-09-18 16:24:52,375 INFO test_accuracy: 89.43% (0.08%)
2017-09-18 16:24:52,376 INFO test_f1: 88.96% (0.08%)
2017-09-18 16:24:52,376 INFO test_precision: 90.94% (0.22%)
2017-09-18 16:24:52,376 INFO test_recall: 87.07% (0.22%)
2017-09-18 16:24:52,376 INFO test_roc_auc: 96.77% (0.02%)
2017-09-18 16:24:52,376 INFO train_accuracy: 90.06% (0.05%)
2017-09-18 16:24:52,377 INFO train_f1: 89.63% (0.06%)
2017-09-18 16:24:52,377 INFO train_precision: 91.54% (0.08%)
2017-09-18 16:24:52,377 INFO train_recall: 87.79% (0.14%)
2017-09-18 16:24:52,377 INFO train_roc_auc: 97.34% (0.01%)
2017-09-18 16:24:52,377 INFO Exiting...
2017-09-18 16:30:17,707 INFO fit_time: 22.95s (0.31)s
2017-09-18 16:30:17,707 INFO score_time: 4.28s (0.04)s
2017-09-18 16:30:17,708 INFO test_accuracy: 89.43% (0.08%)
2017-09-18 16:30:17,708 INFO test_f1: 88.96% (0.08%)
2017-09-18 16:30:17,708 INFO test_precision: 90.94% (0.22%)
2017-09-18 16:30:17,708 INFO test_recall: 87.07% (0.22%)
2017-09-18 16:30:17,708 INFO test_roc_auc: 96.77% (0.02%)
2017-09-18 16:30:17,709 INFO train_accuracy: 90.06% (0.05%)
2017-09-18 16:30:17,709 INFO train_f1: 89.63% (0.06%)
2017-09-18 16:30:17,709 INFO train_precision: 91.54% (0.08%)
2017-09-18 16:30:17,709 INFO train_recall: 87.79% (0.14%)
2017-09-18 16:30:17,710 INFO train_roc_auc: 97.34% (0.01%)
2017-09-18 16:30:45,908 INFO fit_time: 22.95s (0.31)s
2017-09-18 16:30:45,909 INFO score_time: 4.28s (0.04)s
2017-09-18 16:30:45,909 INFO test_accuracy: 89.43% (0.08%)
2017-09-18 16:30:45,909 INFO test_f1: 88.96% (0.08%)
2017-09-18 16:30:45,910 INFO test_precision: 90.94% (0.22%)
2017-09-18 16:30:45,910 INFO test_recall: 87.07% (0.22%)
2017-09-18 16:30:45,910 INFO test_roc_auc: 96.77% (0.02%)
2017-09-18 16:30:45,910 INFO train_accuracy: 90.06% (0.05%)
2017-09-18 16:30:45,910 INFO train_f1: 89.63% (0.06%)
2017-09-18 16:30:45,910 INFO train_precision: 91.54% (0.08%)
2017-09-18 16:30:45,911 INFO train_recall: 87.79% (0.14%)
2017-09-18 16:30:45,911 INFO train_roc_auc: 97.34% (0.01%)
2017-09-18 16:35:45,308 INFO fit_time: 22.95s (0.31)s
2017-09-18 16:35:45,309 INFO score_time: 4.28s (0.04)s
2017-09-18 16:35:45,309 INFO test_accuracy: 89.43% (0.08%)
2017-09-18 16:35:45,310 INFO test_f1: 88.96% (0.08%)
2017-09-18 16:35:45,310 INFO test_precision: 90.94% (0.22%)
2017-09-18 16:35:45,310 INFO test_recall: 87.07% (0.22%)
2017-09-18 16:35:45,310 INFO test_roc_auc: 96.77% (0.02%)
2017-09-18 16:35:45,310 INFO train_accuracy: 90.06% (0.05%)
2017-09-18 16:35:45,311 INFO train_f1: 89.63% (0.06%)
2017-09-18 16:35:45,311 INFO train_precision: 91.54% (0.08%)
2017-09-18 16:35:45,311 INFO train_recall: 87.79% (0.14%)
2017-09-18 16:35:45,311 INFO train_roc_auc: 97.34% (0.01%)
2017-09-18 16:44:29,371 INFO fit_time: 22.95s (0.31)s
2017-09-18 16:44:29,371 INFO score_time: 4.28s (0.04)s
2017-09-18 16:44:29,371 INFO test_accuracy: 89.43% (0.08%)
2017-09-18 16:44:29,372 INFO test_f1: 88.96% (0.08%)
2017-09-18 16:44:29,372 INFO test_precision: 90.94% (0.22%)
2017-09-18 16:44:29,372 INFO test_recall: 87.07% (0.22%)
2017-09-18 16:44:29,372 INFO test_roc_auc: 96.77% (0.02%)
2017-09-18 16:44:29,373 INFO train_accuracy: 90.06% (0.05%)
2017-09-18 16:44:29,373 INFO train_f1: 89.63% (0.06%)
2017-09-18 16:44:29,373 INFO train_precision: 91.54% (0.08%)
2017-09-18 16:44:29,373 INFO train_recall: 87.79% (0.14%)
2017-09-18 16:44:29,373 INFO train_roc_auc: 97.34% (0.01%)
2017-09-18 16:46:33,472 INFO fit_time: 22.95s (0.31)s
2017-09-18 16:46:33,473 INFO score_time: 4.28s (0.04)s
2017-09-18 16:46:33,473 INFO test_accuracy: 89.43% (0.08%)
2017-09-18 16:46:33,473 INFO test_f1: 88.96% (0.08%)
2017-09-18 16:46:33,474 INFO test_precision: 90.94% (0.22%)
2017-09-18 16:46:33,474 INFO test_recall: 87.07% (0.22%)
2017-09-18 16:46:33,474 INFO test_roc_auc: 96.77% (0.02%)
2017-09-18 16:46:33,474 INFO train_accuracy: 90.06% (0.05%)
2017-09-18 16:46:33,474 INFO train_f1: 89.63% (0.06%)
2017-09-18 16:46:33,474 INFO train_precision: 91.54% (0.08%)
2017-09-18 16:46:33,474 INFO train_recall: 87.79% (0.14%)
2017-09-18 16:46:33,475 INFO train_roc_auc: 97.34% (0.01%)
2017-09-18 16:46:58,621 INFO fit_time: 22.95s (0.31)s
2017-09-18 16:46:58,621 INFO score_time: 4.28s (0.04)s
2017-09-18 16:46:58,622 INFO test_accuracy: 89.43% (0.08%)
2017-09-18 16:46:58,622 INFO test_f1: 88.96% (0.08%)
2017-09-18 16:46:58,622 INFO test_precision: 90.94% (0.22%)
2017-09-18 16:46:58,623 INFO test_recall: 87.07% (0.22%)
2017-09-18 16:46:58,623 INFO test_roc_auc: 96.77% (0.02%)
2017-09-18 16:46:58,623 INFO train_accuracy: 90.06% (0.05%)
2017-09-18 16:46:58,623 INFO train_f1: 89.63% (0.06%)
2017-09-18 16:46:58,623 INFO train_precision: 91.54% (0.08%)
2017-09-18 16:46:58,623 INFO train_recall: 87.79% (0.14%)
2017-09-18 16:46:58,624 INFO train_roc_auc: 97.34% (0.01%)
2017-09-18 16:47:38,884 INFO fit_time: 22.95s (0.31)s
2017-09-18 16:47:38,885 INFO score_time: 4.28s (0.04)s
2017-09-18 16:47:38,885 INFO test_accuracy: 89.43% (0.08%)
2017-09-18 16:47:38,885 INFO test_f1: 88.96% (0.08%)
2017-09-18 16:47:38,886 INFO test_precision: 90.94% (0.22%)
2017-09-18 16:47:38,886 INFO test_recall: 87.07% (0.22%)
2017-09-18 16:47:38,886 INFO test_roc_auc: 96.77% (0.02%)
2017-09-18 16:47:38,886 INFO train_accuracy: 90.06% (0.05%)
2017-09-18 16:47:38,887 INFO train_f1: 89.63% (0.06%)
2017-09-18 16:47:38,887 INFO train_precision: 91.54% (0.08%)
2017-09-18 16:47:38,887 INFO train_recall: 87.79% (0.14%)
2017-09-18 16:47:38,887 INFO train_roc_auc: 97.34% (0.01%)
2017-09-18 16:48:00,107 INFO fit_time: 22.95s (0.31)s
2017-09-18 16:48:00,108 INFO score_time: 4.28s (0.04)s
2017-09-18 16:48:00,108 INFO test_accuracy: 89.43% (0.08%)
2017-09-18 16:48:00,108 INFO test_f1: 88.96% (0.08%)
2017-09-18 16:48:00,108 INFO test_precision: 90.94% (0.22%)
2017-09-18 16:48:00,108 INFO test_recall: 87.07% (0.22%)
2017-09-18 16:48:00,109 INFO test_roc_auc: 96.77% (0.02%)
2017-09-18 16:48:00,109 INFO train_accuracy: 90.06% (0.05%)
2017-09-18 16:48:00,110 INFO train_f1: 89.63% (0.06%)
2017-09-18 16:48:00,110 INFO train_precision: 91.54% (0.08%)
2017-09-18 16:48:00,110 INFO train_recall: 87.79% (0.14%)
2017-09-18 16:48:00,110 INFO train_roc_auc: 97.34% (0.01%)
2017-09-18 16:48:08,650 INFO fit_time: 22.95s (0.31)s
2017-09-18 16:48:08,654 INFO score_time: 4.28s (0.04)s
2017-09-18 16:48:08,657 INFO test_accuracy: 89.43% (0.08%)
2017-09-18 16:48:08,659 INFO test_f1: 88.96% (0.08%)
2017-09-18 16:48:08,659 INFO test_precision: 90.94% (0.22%)
2017-09-18 16:48:08,663 INFO test_recall: 87.07% (0.22%)
2017-09-18 16:48:08,664 INFO test_roc_auc: 96.77% (0.02%)
2017-09-18 16:48:08,665 INFO train_accuracy: 90.06% (0.05%)
2017-09-18 16:48:08,667 INFO train_f1: 89.63% (0.06%)
2017-09-18 16:48:08,669 INFO train_precision: 91.54% (0.08%)
2017-09-18 16:48:08,671 INFO train_recall: 87.79% (0.14%)
2017-09-18 16:48:08,673 INFO train_roc_auc: 97.34% (0.01%)
2017-09-18 16:48:13,291 INFO Exiting...
2017-09-18 16:48:25,256 INFO fit_time: 22.95s (0.31)s
2017-09-18 16:48:25,256 INFO score_time: 4.28s (0.04)s
2017-09-18 16:48:25,256 INFO test_accuracy: 89.43% (0.08%)
2017-09-18 16:48:25,257 INFO test_f1: 88.96% (0.08%)
2017-09-18 16:48:25,257 INFO test_precision: 90.94% (0.22%)
2017-09-18 16:48:25,257 INFO test_recall: 87.07% (0.22%)
2017-09-18 16:48:25,257 INFO test_roc_auc: 96.77% (0.02%)
2017-09-18 16:48:25,257 INFO train_accuracy: 90.06% (0.05%)
2017-09-18 16:48:25,258 INFO train_f1: 89.63% (0.06%)
2017-09-18 16:48:25,258 INFO train_precision: 91.54% (0.08%)
2017-09-18 16:48:25,258 INFO train_recall: 87.79% (0.14%)
2017-09-18 16:48:25,258 INFO train_roc_auc: 97.34% (0.01%)
2017-09-18 16:48:52,391 INFO Exiting...
2017-09-18 16:48:54,421 INFO fit_time: 22.95s (0.31)s
2017-09-18 16:48:54,428 INFO score_time: 4.28s (0.04)s
2017-09-18 16:48:54,429 INFO test_accuracy: 89.43% (0.08%)
2017-09-18 16:48:54,430 INFO test_f1: 88.96% (0.08%)
2017-09-18 16:48:54,430 INFO test_precision: 90.94% (0.22%)
2017-09-18 16:48:54,430 INFO test_recall: 87.07% (0.22%)
2017-09-18 16:48:54,430 INFO test_roc_auc: 96.77% (0.02%)
2017-09-18 16:48:54,432 INFO train_accuracy: 90.06% (0.05%)
2017-09-18 16:48:54,432 INFO train_f1: 89.63% (0.06%)
2017-09-18 16:48:54,433 INFO train_precision: 91.54% (0.08%)
2017-09-18 16:48:54,433 INFO train_recall: 87.79% (0.14%)
2017-09-18 16:48:54,433 INFO train_roc_auc: 97.34% (0.01%)
2017-09-18 16:48:54,461 INFO fit_time: 22.95s (0.31)s
2017-09-18 16:48:54,461 INFO score_time: 4.28s (0.04)s
2017-09-18 16:48:54,462 INFO test_accuracy: 89.43% (0.08%)
2017-09-18 16:48:54,462 INFO test_f1: 88.96% (0.08%)
2017-09-18 16:48:54,462 INFO test_precision: 90.94% (0.22%)
2017-09-18 16:48:54,463 INFO test_recall: 87.07% (0.22%)
2017-09-18 16:48:54,463 INFO test_roc_auc: 96.77% (0.02%)
2017-09-18 16:48:54,463 INFO train_accuracy: 90.06% (0.05%)
2017-09-18 16:48:54,463 INFO train_f1: 89.63% (0.06%)
2017-09-18 16:48:54,463 INFO train_precision: 91.54% (0.08%)
2017-09-18 16:48:54,463 INFO train_recall: 87.79% (0.14%)
2017-09-18 16:48:54,463 INFO train_roc_auc: 97.34% (0.01%)
2017-09-18 16:51:15,540 INFO fit_time: 22.95s (0.31)s
2017-09-18 16:51:15,540 INFO score_time: 4.28s (0.04)s
2017-09-18 16:51:15,541 INFO test_accuracy: 89.43% (0.08%)
2017-09-18 16:51:15,541 INFO test_f1: 88.96% (0.08%)
2017-09-18 16:51:15,541 INFO test_precision: 90.94% (0.22%)
2017-09-18 16:51:15,542 INFO test_recall: 87.07% (0.22%)
2017-09-18 16:51:15,542 INFO test_roc_auc: 96.77% (0.02%)
2017-09-18 16:51:15,543 INFO train_accuracy: 90.06% (0.05%)
2017-09-18 16:51:15,543 INFO train_f1: 89.63% (0.06%)
2017-09-18 16:51:15,543 INFO train_precision: 91.54% (0.08%)
2017-09-18 16:51:15,543 INFO train_recall: 87.79% (0.14%)
2017-09-18 16:51:15,543 INFO train_roc_auc: 97.34% (0.01%)
2017-09-18 16:51:49,800 INFO fit_time: 22.95s (0.31)s
2017-09-18 16:51:49,801 INFO score_time: 4.28s (0.04)s
2017-09-18 16:51:49,801 INFO test_accuracy: 89.43% (0.08%)
2017-09-18 16:51:49,801 INFO test_f1: 88.96% (0.08%)
2017-09-18 16:51:49,802 INFO test_precision: 90.94% (0.22%)
2017-09-18 16:51:49,802 INFO test_recall: 87.07% (0.22%)
2017-09-18 16:51:49,803 INFO test_roc_auc: 96.77% (0.02%)
2017-09-18 16:51:49,803 INFO train_accuracy: 90.06% (0.05%)
2017-09-18 16:51:49,803 INFO train_f1: 89.63% (0.06%)
2017-09-18 16:51:49,803 INFO train_precision: 91.54% (0.08%)
2017-09-18 16:51:49,803 INFO train_recall: 87.79% (0.14%)
2017-09-18 16:51:49,803 INFO train_roc_auc: 97.34% (0.01%)
2017-09-18 16:55:14,306 INFO fit_time: 22.95s (0.31)s
2017-09-18 16:55:14,307 INFO score_time: 4.28s (0.04)s
2017-09-18 16:55:14,307 INFO test_accuracy: 89.43% (0.08%)
2017-09-18 16:55:14,307 INFO test_f1: 88.96% (0.08%)
2017-09-18 16:55:14,308 INFO test_precision: 90.94% (0.22%)
2017-09-18 16:55:14,308 INFO test_recall: 87.07% (0.22%)
2017-09-18 16:55:14,308 INFO test_roc_auc: 96.77% (0.02%)
2017-09-18 16:55:14,309 INFO train_accuracy: 90.06% (0.05%)
2017-09-18 16:55:14,309 INFO train_f1: 89.63% (0.06%)
2017-09-18 16:55:14,310 INFO train_precision: 91.54% (0.08%)
2017-09-18 16:55:14,310 INFO train_recall: 87.79% (0.14%)
2017-09-18 16:55:14,310 INFO train_roc_auc: 97.34% (0.01%)
2017-09-18 16:55:23,820 INFO Exiting...
2017-09-18 17:12:40,252 INFO fit_time: 22.95s (0.31)s
2017-09-18 17:12:40,253 INFO score_time: 4.28s (0.04)s
2017-09-18 17:12:40,253 INFO test_accuracy: 89.43% (0.08%)
2017-09-18 17:12:40,253 INFO test_f1: 88.96% (0.08%)
2017-09-18 17:12:40,254 INFO test_precision: 90.94% (0.22%)
2017-09-18 17:12:40,254 INFO test_recall: 87.07% (0.22%)
2017-09-18 17:12:40,254 INFO test_roc_auc: 96.77% (0.02%)
2017-09-18 17:12:40,254 INFO train_accuracy: 90.06% (0.05%)
2017-09-18 17:12:40,255 INFO train_f1: 89.63% (0.06%)
2017-09-18 17:12:40,255 INFO train_precision: 91.54% (0.08%)
2017-09-18 17:12:40,256 INFO train_recall: 87.79% (0.14%)
2017-09-18 17:12:40,256 INFO train_roc_auc: 97.34% (0.01%)
2017-09-18 17:13:04,685 INFO fit_time: 22.95s (0.31)s
2017-09-18 17:13:04,686 INFO score_time: 4.28s (0.04)s
2017-09-18 17:13:04,686 INFO test_accuracy: 89.43% (0.08%)
2017-09-18 17:13:04,686 INFO test_f1: 88.96% (0.08%)
2017-09-18 17:13:04,686 INFO test_precision: 90.94% (0.22%)
2017-09-18 17:13:04,687 INFO test_recall: 87.07% (0.22%)
2017-09-18 17:13:04,687 INFO test_roc_auc: 96.77% (0.02%)
2017-09-18 17:13:04,687 INFO train_accuracy: 90.06% (0.05%)
2017-09-18 17:13:04,687 INFO train_f1: 89.63% (0.06%)
2017-09-18 17:13:04,687 INFO train_precision: 91.54% (0.08%)
2017-09-18 17:13:04,688 INFO train_recall: 87.79% (0.14%)
2017-09-18 17:13:04,688 INFO train_roc_auc: 97.34% (0.01%)
2017-09-18 17:13:55,578 INFO fit_time: 22.95s (0.31)s
2017-09-18 17:13:55,579 INFO score_time: 4.28s (0.04)s
2017-09-18 17:13:55,579 INFO test_accuracy: 89.43% (0.08%)
2017-09-18 17:13:55,579 INFO test_f1: 88.96% (0.08%)
2017-09-18 17:13:55,579 INFO test_precision: 90.94% (0.22%)
2017-09-18 17:13:55,580 INFO test_recall: 87.07% (0.22%)
2017-09-18 17:13:55,580 INFO test_roc_auc: 96.77% (0.02%)
2017-09-18 17:13:55,580 INFO train_accuracy: 90.06% (0.05%)
2017-09-18 17:13:55,580 INFO train_f1: 89.63% (0.06%)
2017-09-18 17:13:55,580 INFO train_precision: 91.54% (0.08%)
2017-09-18 17:13:55,580 INFO train_recall: 87.79% (0.14%)
2017-09-18 17:13:55,581 INFO train_roc_auc: 97.34% (0.01%)
2017-09-18 17:14:08,145 INFO Exiting...
2017-09-18 17:15:18,915 INFO fit_time: 22.95s (0.31)s
2017-09-18 17:15:18,916 INFO score_time: 4.28s (0.04)s
2017-09-18 17:15:18,916 INFO test_accuracy: 89.43% (0.08%)
2017-09-18 17:15:18,916 INFO test_f1: 88.96% (0.08%)
2017-09-18 17:15:18,917 INFO test_precision: 90.94% (0.22%)
2017-09-18 17:15:18,917 INFO test_recall: 87.07% (0.22%)
2017-09-18 17:15:18,917 INFO test_roc_auc: 96.77% (0.02%)
2017-09-18 17:15:18,917 INFO train_accuracy: 90.06% (0.05%)
2017-09-18 17:15:18,917 INFO train_f1: 89.63% (0.06%)
2017-09-18 17:15:18,918 INFO train_precision: 91.54% (0.08%)
2017-09-18 17:15:18,918 INFO train_recall: 87.79% (0.14%)
2017-09-18 17:15:18,918 INFO train_roc_auc: 97.34% (0.01%)
2017-09-18 17:16:31,897 INFO Exiting...
2017-09-18 17:16:33,797 INFO fit_time: 22.95s (0.31)s
2017-09-18 17:16:33,798 INFO score_time: 4.28s (0.04)s
2017-09-18 17:16:33,799 INFO test_accuracy: 89.43% (0.08%)
2017-09-18 17:16:33,799 INFO test_f1: 88.96% (0.08%)
2017-09-18 17:16:33,799 INFO test_precision: 90.94% (0.22%)
2017-09-18 17:16:33,799 INFO test_recall: 87.07% (0.22%)
2017-09-18 17:16:33,799 INFO test_roc_auc: 96.77% (0.02%)
2017-09-18 17:16:33,800 INFO train_accuracy: 90.06% (0.05%)
2017-09-18 17:16:33,800 INFO train_f1: 89.63% (0.06%)
2017-09-18 17:16:33,800 INFO train_precision: 91.54% (0.08%)
2017-09-18 17:16:33,800 INFO train_recall: 87.79% (0.14%)
2017-09-18 17:16:33,800 INFO train_roc_auc: 97.34% (0.01%)
2017-09-18 17:17:13,323 INFO Exiting...
2017-09-18 17:17:15,303 INFO fit_time: 22.95s (0.31)s
2017-09-18 17:17:15,303 INFO score_time: 4.28s (0.04)s
2017-09-18 17:17:15,304 INFO test_accuracy: 89.43% (0.08%)
2017-09-18 17:17:15,304 INFO test_f1: 88.96% (0.08%)
2017-09-18 17:17:15,304 INFO test_precision: 90.94% (0.22%)
2017-09-18 17:17:15,304 INFO test_recall: 87.07% (0.22%)
2017-09-18 17:17:15,304 INFO test_roc_auc: 96.77% (0.02%)
2017-09-18 17:17:15,305 INFO train_accuracy: 90.06% (0.05%)
2017-09-18 17:17:15,305 INFO train_f1: 89.63% (0.06%)
2017-09-18 17:17:15,306 INFO train_precision: 91.54% (0.08%)
2017-09-18 17:17:15,306 INFO train_recall: 87.79% (0.14%)
2017-09-18 17:17:15,306 INFO train_roc_auc: 97.34% (0.01%)
2017-09-18 17:17:51,259 INFO Exiting...
2017-09-18 17:17:53,750 INFO fit_time: 22.95s (0.31)s
2017-09-18 17:17:53,750 INFO score_time: 4.28s (0.04)s
2017-09-18 17:17:53,751 INFO test_accuracy: 89.43% (0.08%)
2017-09-18 17:17:53,751 INFO test_f1: 88.96% (0.08%)
2017-09-18 17:17:53,751 INFO test_precision: 90.94% (0.22%)
2017-09-18 17:17:53,751 INFO test_recall: 87.07% (0.22%)
2017-09-18 17:17:53,751 INFO test_roc_auc: 96.77% (0.02%)
2017-09-18 17:17:53,752 INFO train_accuracy: 90.06% (0.05%)
2017-09-18 17:17:53,752 INFO train_f1: 89.63% (0.06%)
2017-09-18 17:17:53,752 INFO train_precision: 91.54% (0.08%)
2017-09-18 17:17:53,753 INFO train_recall: 87.79% (0.14%)
2017-09-18 17:17:53,753 INFO train_roc_auc: 97.34% (0.01%)
2017-09-18 17:18:03,153 INFO Exiting...
2017-09-18 17:18:40,628 INFO fit_time: 22.95s (0.31)s
2017-09-18 17:18:40,629 INFO score_time: 4.28s (0.04)s
2017-09-18 17:18:40,630 INFO test_accuracy: 89.43% (0.08%)
2017-09-18 17:18:40,630 INFO test_f1: 88.96% (0.08%)
2017-09-18 17:18:40,630 INFO test_precision: 90.94% (0.22%)
2017-09-18 17:18:40,630 INFO test_recall: 87.07% (0.22%)
2017-09-18 17:18:40,631 INFO test_roc_auc: 96.77% (0.02%)
2017-09-18 17:18:40,631 INFO train_accuracy: 90.06% (0.05%)
2017-09-18 17:18:40,631 INFO train_f1: 89.63% (0.06%)
2017-09-18 17:18:40,632 INFO train_precision: 91.54% (0.08%)
2017-09-18 17:18:40,632 INFO train_recall: 87.79% (0.14%)
2017-09-18 17:18:40,632 INFO train_roc_auc: 97.34% (0.01%)
2017-09-18 17:18:59,753 INFO Exiting...
2017-09-18 17:21:48,895 INFO fit_time: 22.95s (0.31)s
2017-09-18 17:21:48,896 INFO score_time: 4.28s (0.04)s
2017-09-18 17:21:48,896 INFO test_accuracy: 89.43% (0.08%)
2017-09-18 17:21:48,896 INFO test_f1: 88.96% (0.08%)
2017-09-18 17:21:48,897 INFO test_precision: 90.94% (0.22%)
2017-09-18 17:21:48,897 INFO test_recall: 87.07% (0.22%)
2017-09-18 17:21:48,897 INFO test_roc_auc: 96.77% (0.02%)
2017-09-18 17:21:48,897 INFO train_accuracy: 90.06% (0.05%)
2017-09-18 17:21:48,897 INFO train_f1: 89.63% (0.06%)
2017-09-18 17:21:48,897 INFO train_precision: 91.54% (0.08%)
2017-09-18 17:21:48,897 INFO train_recall: 87.79% (0.14%)
2017-09-18 17:21:48,898 INFO train_roc_auc: 97.34% (0.01%)
2017-09-18 17:21:50,504 INFO Exiting...
2017-09-18 17:22:45,381 INFO fit_time: 22.95s (0.31)s
2017-09-18 17:22:45,382 INFO score_time: 4.28s (0.04)s
2017-09-18 17:22:45,382 INFO test_accuracy: 89.43% (0.08%)
2017-09-18 17:22:45,383 INFO test_f1: 88.96% (0.08%)
2017-09-18 17:22:45,383 INFO test_precision: 90.94% (0.22%)
2017-09-18 17:22:45,383 INFO test_recall: 87.07% (0.22%)
2017-09-18 17:22:45,383 INFO test_roc_auc: 96.77% (0.02%)
2017-09-18 17:22:45,384 INFO train_accuracy: 90.06% (0.05%)
2017-09-18 17:22:45,384 INFO train_f1: 89.63% (0.06%)
2017-09-18 17:22:45,384 INFO train_precision: 91.54% (0.08%)
2017-09-18 17:22:45,384 INFO train_recall: 87.79% (0.14%)
2017-09-18 17:22:45,385 INFO train_roc_auc: 97.34% (0.01%)
2017-09-18 17:22:48,476 INFO Exiting...
2017-09-18 17:23:05,904 INFO fit_time: 22.95s (0.31)s
2017-09-18 17:23:05,906 INFO score_time: 4.28s (0.04)s
2017-09-18 17:23:05,906 INFO test_accuracy: 89.43% (0.08%)
2017-09-18 17:23:05,906 INFO test_f1: 88.96% (0.08%)
2017-09-18 17:23:05,906 INFO test_precision: 90.94% (0.22%)
2017-09-18 17:23:05,906 INFO test_recall: 87.07% (0.22%)
2017-09-18 17:23:05,907 INFO test_roc_auc: 96.77% (0.02%)
2017-09-18 17:23:05,907 INFO train_accuracy: 90.06% (0.05%)
2017-09-18 17:23:05,907 INFO train_f1: 89.63% (0.06%)
2017-09-18 17:23:05,907 INFO train_precision: 91.54% (0.08%)
2017-09-18 17:23:05,908 INFO train_recall: 87.79% (0.14%)
2017-09-18 17:23:05,910 INFO train_roc_auc: 97.34% (0.01%)
2017-09-18 17:23:07,317 INFO Exiting...
2017-09-18 17:28:53,568 INFO fit_time: 22.95s (0.31)s
2017-09-18 17:28:53,569 INFO score_time: 4.28s (0.04)s
2017-09-18 17:28:53,569 INFO test_accuracy: 89.43% (0.08%)
2017-09-18 17:28:53,569 INFO test_f1: 88.96% (0.08%)
2017-09-18 17:28:53,569 INFO test_precision: 90.94% (0.22%)
2017-09-18 17:28:53,570 INFO test_recall: 87.07% (0.22%)
2017-09-18 17:28:53,570 INFO test_roc_auc: 96.77% (0.02%)
2017-09-18 17:28:53,570 INFO train_accuracy: 90.06% (0.05%)
2017-09-18 17:28:53,570 INFO train_f1: 89.63% (0.06%)
2017-09-18 17:28:53,570 INFO train_precision: 91.54% (0.08%)
2017-09-18 17:28:53,571 INFO train_recall: 87.79% (0.14%)
2017-09-18 17:28:53,571 INFO train_roc_auc: 97.34% (0.01%)
